<?xml version="1.0" encoding="UTF-8"?>
<!-- Generated by org.testng.reporters.JUnitReportReporter -->
<testsuite skipped="0" hostname="DESKTOP-LV3HIA2" name="com.crm.qa.testsCases.LoginPageTest" tests="2" failures="0" timestamp="14 Feb 2020 04:08:47 GMT" time="43.935" errors="0">
  <testcase name="loginPageTitleTest1" time="17.736" classname="com.crm.qa.testsCases.LoginPageTest"/>
  <testcase name="loginTest" time="26.199" classname="com.crm.qa.testsCases.LoginPageTest"/>
</testsuite> <!-- com.crm.qa.testsCases.LoginPageTest -->
