<?xml version="1.0" encoding="UTF-8"?>
<!-- Generated by org.testng.reporters.JUnitReportReporter -->
<testsuite skipped="0" hostname="DESKTOP-LV3HIA2" name="com.crm.qa.testsCases.ContactsPageTest" tests="5" failures="0" timestamp="14 Feb 2020 04:08:47 GMT" time="133.659" errors="0">
  <testcase name="newContactTest" time="26.235" classname="com.crm.qa.testsCases.ContactsPageTest"/>
  <testcase name="newContactTest" time="26.198" classname="com.crm.qa.testsCases.ContactsPageTest"/>
  <testcase name="newContactTest" time="27.238" classname="com.crm.qa.testsCases.ContactsPageTest"/>
  <testcase name="newContactTest" time="26.809" classname="com.crm.qa.testsCases.ContactsPageTest"/>
  <testcase name="newContactTest" time="27.179" classname="com.crm.qa.testsCases.ContactsPageTest"/>
</testsuite> <!-- com.crm.qa.testsCases.ContactsPageTest -->
