<?xml version="1.0" encoding="UTF-8"?>
<!-- Generated by org.testng.reporters.JUnitReportReporter -->
<testsuite skipped="0" hostname="DESKTOP-LV3HIA2" name="com.crm.qa.testsCases.LoginPageTest" tests="3" failures="0" timestamp="27 Sep 2019 02:38:30 GMT" time="52.589" errors="0">
  <testcase name="loginPageTitleTest" time="13.115" classname="com.crm.qa.testsCases.LoginPageTest"/>
  <testcase name="amazonLogoImageTest" time="13.570" classname="com.crm.qa.testsCases.LoginPageTest"/>
  <testcase name="loginTest" time="25.904" classname="com.crm.qa.testsCases.LoginPageTest"/>
</testsuite> <!-- com.crm.qa.testsCases.LoginPageTest -->
