<?xml version="1.0" encoding="UTF-8"?>
<!-- Generated by org.testng.reporters.JUnitReportReporter -->
<testsuite skipped="0" hostname="DESKTOP-LV3HIA2" name="com.crm.qa.testsCases.LoginPageTest" tests="2" failures="0" timestamp="02 Feb 2020 10:07:31 GMT" time="31.439" errors="0">
  <testcase name="loginPageTitleTest" time="13.541" classname="com.crm.qa.testsCases.LoginPageTest"/>
  <testcase name="loginTest" time="17.898" classname="com.crm.qa.testsCases.LoginPageTest"/>
</testsuite> <!-- com.crm.qa.testsCases.LoginPageTest -->
